0 info it worked if it ends with ok
1 verbose cli [ '/usr/local/bin/node',
1 verbose cli   '/usr/local/bin/npm',
1 verbose cli   'install',
1 verbose cli   '-g',
1 verbose cli   'webpack' ]
2 info using npm@2.14.4
3 info using node@v4.1.1
4 verbose install initial load of /usr/local/lib/package.json
5 verbose readDependencies loading dependencies from /usr/local/lib/package.json
6 silly cache add args [ 'webpack', null ]
7 verbose cache add spec webpack
8 silly cache add parsed spec Result {
8 silly cache add   raw: 'webpack',
8 silly cache add   scope: null,
8 silly cache add   name: 'webpack',
8 silly cache add   rawSpec: '',
8 silly cache add   spec: '*',
8 silly cache add   type: 'range' }
9 silly addNamed webpack@*
10 verbose addNamed "*" is a valid semver range for webpack
11 silly addNameRange { name: 'webpack', range: '*', hasData: false }
12 silly mapToRegistry name webpack
13 silly mapToRegistry using default registry
14 silly mapToRegistry registry https://registry.npmjs.org/
15 silly mapToRegistry uri https://registry.npmjs.org/webpack
16 verbose addNameRange registry:https://registry.npmjs.org/webpack not in flight; fetching
17 verbose request uri https://registry.npmjs.org/webpack
18 verbose request no auth needed
19 info attempt registry request try #1 at 1:50:45 PM
20 verbose request id a457a05c5ada7ef5
21 verbose etag "A4C80FRQS5YMUH32I42T3QDN3"
22 http request GET https://registry.npmjs.org/webpack
23 http 304 https://registry.npmjs.org/webpack
24 silly get cb [ 304,
24 silly get   { date: 'Mon, 16 Nov 2015 21:50:46 GMT',
24 silly get     via: '1.1 varnish',
24 silly get     'cache-control': 'max-age=60',
24 silly get     etag: '"A4C80FRQS5YMUH32I42T3QDN3"',
24 silly get     age: '16',
24 silly get     connection: 'keep-alive',
24 silly get     'x-served-by': 'cache-sjc3133-SJC',
24 silly get     'x-cache': 'HIT',
24 silly get     'x-cache-hits': '1',
24 silly get     'x-timer': 'S1447710646.252913,VS0,VE3',
24 silly get     vary: 'Accept' } ]
25 verbose etag https://registry.npmjs.org/webpack from cache
26 verbose get saving webpack to /Users/user/.npm/registry.npmjs.org/webpack/.cache.json
27 silly addNameRange number 2 { name: 'webpack', range: '*', hasData: true }
28 silly addNameRange versions [ 'webpack',
28 silly addNameRange   [ '0.1.0',
28 silly addNameRange     '0.1.1',
28 silly addNameRange     '0.1.2',
28 silly addNameRange     '0.1.3',
28 silly addNameRange     '0.1.4',
28 silly addNameRange     '0.1.5',
28 silly addNameRange     '0.1.6',
28 silly addNameRange     '0.2.0',
28 silly addNameRange     '0.2.1',
28 silly addNameRange     '0.2.2',
28 silly addNameRange     '0.2.3',
28 silly addNameRange     '0.2.4',
28 silly addNameRange     '0.2.6',
28 silly addNameRange     '0.2.7',
28 silly addNameRange     '0.2.8',
28 silly addNameRange     '0.3.0',
28 silly addNameRange     '0.3.1',
28 silly addNameRange     '0.3.2',
28 silly addNameRange     '0.3.3',
28 silly addNameRange     '0.3.4',
28 silly addNameRange     '0.3.6',
28 silly addNameRange     '0.3.7',
28 silly addNameRange     '0.3.8',
28 silly addNameRange     '0.3.9',
28 silly addNameRange     '0.3.10',
28 silly addNameRange     '0.3.11',
28 silly addNameRange     '0.3.12',
28 silly addNameRange     '0.3.13',
28 silly addNameRange     '0.3.14',
28 silly addNameRange     '0.3.15',
28 silly addNameRange     '0.3.16',
28 silly addNameRange     '0.3.17',
28 silly addNameRange     '0.3.18',
28 silly addNameRange     '0.3.19',
28 silly addNameRange     '0.3.20',
28 silly addNameRange     '0.4.0',
28 silly addNameRange     '0.4.1',
28 silly addNameRange     '0.4.2',
28 silly addNameRange     '0.4.3',
28 silly addNameRange     '0.4.4',
28 silly addNameRange     '0.4.5',
28 silly addNameRange     '0.4.6',
28 silly addNameRange     '0.4.7',
28 silly addNameRange     '0.4.8',
28 silly addNameRange     '0.4.9',
28 silly addNameRange     '0.4.10',
28 silly addNameRange     '0.4.11',
28 silly addNameRange     '0.4.12',
28 silly addNameRange     '0.4.13',
28 silly addNameRange     '0.4.14',
28 silly addNameRange     '0.4.15',
28 silly addNameRange     '0.4.16',
28 silly addNameRange     '0.4.17',
28 silly addNameRange     '0.4.18',
28 silly addNameRange     '0.4.19',
28 silly addNameRange     '0.4.20',
28 silly addNameRange     '0.4.21',
28 silly addNameRange     '0.4.23',
28 silly addNameRange     '0.4.24',
28 silly addNameRange     '0.4.25',
28 silly addNameRange     '0.5.0',
28 silly addNameRange     '0.5.1',
28 silly addNameRange     '0.5.2',
28 silly addNameRange     '0.5.3',
28 silly addNameRange     '0.5.4',
28 silly addNameRange     '0.5.5',
28 silly addNameRange     '0.5.6',
28 silly addNameRange     '0.5.7',
28 silly addNameRange     '0.5.8',
28 silly addNameRange     '0.5.10',
28 silly addNameRange     '0.6.0',
28 silly addNameRange     '0.6.1',
28 silly addNameRange     '0.6.2',
28 silly addNameRange     '0.7.0-beta',
28 silly addNameRange     '0.7.0-beta2',
28 silly addNameRange     '0.7.0-beta3',
28 silly addNameRange     '0.7.0-beta4',
28 silly addNameRange     '0.7.0-beta5',
28 silly addNameRange     '0.7.0-beta6',
28 silly addNameRange     '0.7.0-beta7',
28 silly addNameRange     '0.7.0-beta8',
28 silly addNameRange     '0.7.0',
28 silly addNameRange     '0.7.1',
28 silly addNameRange     '0.7.2',
28 silly addNameRange     '0.7.3',
28 silly addNameRange     '0.7.4',
28 silly addNameRange     '0.7.5',
28 silly addNameRange     '0.7.6',
28 silly addNameRange     '0.7.7',
28 silly addNameRange     '0.7.8',
28 silly addNameRange     '0.7.9',
28 silly addNameRange     '0.7.11',
28 silly addNameRange     '0.7.12',
28 silly addNameRange     '0.7.13',
28 silly addNameRange     '0.7.14',
28 silly addNameRange     '0.7.15',
28 silly addNameRange     '0.7.16',
28 silly addNameRange     '0.7.17',
28 silly addNameRange     '0.8.0-beta1',
28 silly addNameRange     '0.8.0-beta2',
28 silly addNameRange     '0.8.0-beta3',
28 silly addNameRange     '0.8.0-beta4',
28 silly addNameRange     '0.8.0',
28 silly addNameRange     '0.8.2',
28 silly addNameRange     '0.8.3',
28 silly addNameRange     '0.9.0-beta1',
28 silly addNameRange     '0.9.0-beta2',
28 silly addNameRange     '0.9.0-beta4',
28 silly addNameRange     '0.9.0-beta5',
28 silly addNameRange     '0.9.0-beta6',
28 silly addNameRange     '0.9.0-beta7',
28 silly addNameRange     '0.9.0-beta8',
28 silly addNameRange     '0.9.0-beta9',
28 silly addNameRange     '0.9.0-beta10',
28 silly addNameRange     '0.9.0-beta11',
28 silly addNameRange     '0.9.0-beta12',
28 silly addNameRange     '0.9.0-beta13',
28 silly addNameRange     '0.9.0-beta14',
28 silly addNameRange     '0.9.0-beta15',
28 silly addNameRange     '0.9.0-beta16',
28 silly addNameRange     '0.9.0-beta17',
28 silly addNameRange     '0.9.0-beta18',
28 silly addNameRange     '0.9.0-beta19',
28 silly addNameRange     '0.9.0-beta20',
28 silly addNameRange     '0.9.0-beta21',
28 silly addNameRange     '0.9.0-beta22',
28 silly addNameRange     '0.9.0-beta23',
28 silly addNameRange     '0.9.0-beta24',
28 silly addNameRange     '0.9.0-beta25',
28 silly addNameRange     '0.9.0-beta26',
28 silly addNameRange     '0.9.0-beta27',
28 silly addNameRange     '0.9.0-beta28',
28 silly addNameRange     '0.9.0-beta29',
28 silly addNameRange     '0.9.0-beta30',
28 silly addNameRange     '0.9.0-beta31',
28 silly addNameRange     '0.9.0-beta32',
28 silly addNameRange     '0.9.0-beta33',
28 silly addNameRange     '0.9.0-beta34',
28 silly addNameRange     '0.9.0-beta35',
28 silly addNameRange     '0.9.0-beta36',
28 silly addNameRange     '0.9.0-beta37',
28 silly addNameRange     '0.9.0-beta38',
28 silly addNameRange     '0.9.0',
28 silly addNameRange     '0.9.1',
28 silly addNameRange     '0.9.2',
28 silly addNameRange     '0.9.3',
28 silly addNameRange     '0.10.0-beta2',
28 silly addNameRange     '0.10.0-beta3',
28 silly addNameRange     '0.10.0-beta5',
28 silly addNameRange     '0.10.0-beta6',
28 silly addNameRange     '0.10.0-beta7',
28 silly addNameRange     '0.10.0-beta8',
28 silly addNameRange     '0.10.0-beta9',
28 silly addNameRange     '0.10.0-beta10',
28 silly addNameRange     '0.10.0-beta11',
28 silly addNameRange     '0.10.0-beta12',
28 silly addNameRange     '0.10.0-beta13',
28 silly addNameRange     '0.10.0-beta14',
28 silly addNameRange     '0.10.0-beta15',
28 silly addNameRange     '0.10.0-beta16',
28 silly addNameRange     '0.10.0-beta17',
28 silly addNameRange     '0.10.0-beta18',
28 silly addNameRange     '0.10.0-beta19',
28 silly addNameRange     '0.10.0-beta20',
28 silly addNameRange     '0.10.0-beta21',
28 silly addNameRange     '0.10.0-beta22',
28 silly addNameRange     '0.10.0-beta23',
28 silly addNameRange     '0.10.0-beta24',
28 silly addNameRange     '0.10.0-beta25',
28 silly addNameRange     '0.10.0',
28 silly addNameRange     '0.11.0-beta1',
28 silly addNameRange     '0.11.0-beta2',
28 silly addNameRange     '0.11.0-beta3',
28 silly addNameRange     '0.11.0-beta4',
28 silly addNameRange     '0.11.0-beta5',
28 silly addNameRange     '0.11.0-beta6',
28 silly addNameRange     '0.11.0-beta7',
28 silly addNameRange     '0.11.0-beta8',
28 silly addNameRange     '0.11.0-beta9',
28 silly addNameRange     '0.11.0-beta10',
28 silly addNameRange     '0.11.0-beta11',
28 silly addNameRange     '0.11.0-beta12',
28 silly addNameRange     '0.11.0-beta13',
28 silly addNameRange     '0.11.0-beta14',
28 silly addNameRange     '0.11.0-beta15',
28 silly addNameRange     '0.11.0-beta16',
28 silly addNameRange     '0.11.0-beta17',
28 silly addNameRange     '0.11.0-beta18',
28 silly addNameRange     '0.11.0-beta19',
28 silly addNameRange     '0.11.0-beta20',
28 silly addNameRange     '0.11.0-beta21',
28 silly addNameRange     '0.11.0-beta22',
28 silly addNameRange     '0.11.0-beta23',
28 silly addNameRange     '0.11.0-beta24',
28 silly addNameRange     '0.11.0-beta25',
28 silly addNameRange     '0.11.0-beta26',
28 silly addNameRange     '0.11.0-beta27',
28 silly addNameRange     '0.11.0-beta28',
28 silly addNameRange     '0.11.0-beta29',
28 silly addNameRange     '0.11.0',
28 silly addNameRange     '0.11.1',
28 silly addNameRange     '0.11.2',
28 silly addNameRange     '0.11.3',
28 silly addNameRange     '0.11.4',
28 silly addNameRange     '0.11.5',
28 silly addNameRange     '0.11.6',
28 silly addNameRange     '0.11.7',
28 silly addNameRange     '0.11.8',
28 silly addNameRange     '0.11.9',
28 silly addNameRange     '0.11.10',
28 silly addNameRange     '0.11.11',
28 silly addNameRange     '0.11.12',
28 silly addNameRange     '0.11.13',
28 silly addNameRange     '0.11.14',
28 silly addNameRange     '0.11.15',
28 silly addNameRange     '1.0.0-beta1',
28 silly addNameRange     '1.0.0-beta2',
28 silly addNameRange     '1.0.0-beta3',
28 silly addNameRange     '1.0.0-beta4',
28 silly addNameRange     '0.11.16',
28 silly addNameRange     '0.11.17',
28 silly addNameRange     '0.11.18',
28 silly addNameRange     '1.0.0-beta5',
28 silly addNameRange     '1.0.0-beta6',
28 silly addNameRange     '1.0.0-beta7',
28 silly addNameRange     '1.0.0-beta8',
28 silly addNameRange     '1.0.0-beta9',
28 silly addNameRange     '1.0.0-rc1',
28 silly addNameRange     '1.0.0-rc2',
28 silly addNameRange     '1.0.0-rc3',
28 silly addNameRange     '1.0.0-rc4',
28 silly addNameRange     '1.0.0-rc5',
28 silly addNameRange     '1.0.0-rc7',
28 silly addNameRange     '1.0.0-rc8',
28 silly addNameRange     '1.0.0-rc9',
28 silly addNameRange     '1.0.0-rc11',
28 silly addNameRange     '1.0.0-rc12',
28 silly addNameRange     '1.0.0',
28 silly addNameRange     '1.0.1',
28 silly addNameRange     '1.0.3',
28 silly addNameRange     '1.0.4',
28 silly addNameRange     '1.0.5',
28 silly addNameRange     '1.1.0-beta1',
28 silly addNameRange     '1.1.0-beta2',
28 silly addNameRange     '1.1.0-beta3',
28 silly addNameRange     '1.1.0-beta4',
28 silly addNameRange     '1.1.0-beta5',
28 silly addNameRange     '1.1.0-beta6',
28 silly addNameRange     '1.1.0-beta7',
28 silly addNameRange     '1.1.0-beta8',
28 silly addNameRange     '1.1.0-beta9',
28 silly addNameRange     '1.1.0-beta10',
28 silly addNameRange     '1.1.0-beta12',
28 silly addNameRange     '1.1.0',
28 silly addNameRange     '1.1.1',
28 silly addNameRange     '1.1.2',
28 silly addNameRange     '1.1.3',
28 silly addNameRange     '1.1.4',
28 silly addNameRange     '1.1.5',
28 silly addNameRange     '1.1.6',
28 silly addNameRange     '1.1.7',
28 silly addNameRange     '1.1.8',
28 silly addNameRange     '1.1.9',
28 silly addNameRange     '1.1.10',
28 silly addNameRange     '1.1.11',
28 silly addNameRange     '1.2.0-beta1',
28 silly addNameRange     '1.2.0-beta2',
28 silly addNameRange     '1.2.0-beta4',
28 silly addNameRange     '1.2.0-beta5',
28 silly addNameRange     '1.2.0-beta6',
28 silly addNameRange     '1.3.0-beta1',
28 silly addNameRange     '1.3.0-beta2',
28 silly addNameRange     '1.3.0-beta3',
28 silly addNameRange     '1.3.0-beta4',
28 silly addNameRange     '1.3.0-beta5',
28 silly addNameRange     '1.3.0-beta6',
28 silly addNameRange     '1.3.0-beta7',
28 silly addNameRange     '1.3.0-beta8',
28 silly addNameRange     '1.3.0-beta9',
28 silly addNameRange     '1.3.1-beta1',
28 silly addNameRange     '1.3.1-beta2',
28 silly addNameRange     '1.3.1-beta3',
28 silly addNameRange     '1.3.1-beta4',
28 silly addNameRange     '1.3.1-beta5',
28 silly addNameRange     '1.3.1-beta6',
28 silly addNameRange     '1.3.1-beta7',
28 silly addNameRange     '1.3.1-beta8',
28 silly addNameRange     '1.3.1-beta9',
28 silly addNameRange     '1.3.2-beta1',
28 silly addNameRange     '1.3.2-beta2',
28 silly addNameRange     '1.3.2-beta3',
28 silly addNameRange     '1.3.2-beta4',
28 silly addNameRange     '1.3.2-beta5',
28 silly addNameRange     '1.3.2-beta6',
28 silly addNameRange     '1.3.2-beta7',
28 silly addNameRange     '1.3.2-beta8',
28 silly addNameRange     '1.3.2-beta9',
28 silly addNameRange     '1.3.3-beta1',
28 silly addNameRange     '1.3.3-beta2',
28 silly addNameRange     '1.3.4',
28 silly addNameRange     '1.3.5',
28 silly addNameRange     '1.3.6',
28 silly addNameRange     '1.3.7',
28 silly addNameRange     '1.4.0-beta1',
28 silly addNameRange     '1.4.0-beta2',
28 silly addNameRange     '1.4.0-beta3',
28 silly addNameRange     '1.4.0-beta4',
28 silly addNameRange     '1.4.0-beta5',
28 silly addNameRange     '1.4.0-beta6',
28 silly addNameRange     '1.4.0-beta7',
28 silly addNameRange     '1.4.0-beta8',
28 silly addNameRange     '1.4.0-beta9',
28 silly addNameRange     '1.4.0-beta10',
28 silly addNameRange     '1.4.1-beta1',
28 silly addNameRange     '1.4.2',
28 silly addNameRange     '1.4.3',
28 silly addNameRange     '1.4.4',
28 silly addNameRange     '1.4.5',
28 silly addNameRange     '1.4.6',
28 silly addNameRange     '1.4.7',
28 silly addNameRange     '1.4.8',
28 silly addNameRange     '1.4.9',
28 silly addNameRange     '1.4.10',
28 silly addNameRange     '1.4.11',
28 silly addNameRange     '1.4.12',
28 silly addNameRange     '1.4.13',
28 silly addNameRange     '1.4.14',
28 silly addNameRange     '1.4.15',
28 silly addNameRange     '1.5.0',
28 silly addNameRange     '1.5.1',
28 silly addNameRange     '1.5.2',
28 silly addNameRange     '1.5.3',
28 silly addNameRange     '1.6.0',
28 silly addNameRange     '1.7.0',
28 silly addNameRange     '1.7.1',
28 silly addNameRange     '1.7.2',
28 silly addNameRange     '1.7.3',
28 silly addNameRange     '1.8.0',
28 silly addNameRange     '1.8.1',
28 silly addNameRange     '1.8.2',
28 silly addNameRange     '1.8.3',
28 silly addNameRange     '1.8.4',
28 silly addNameRange     '1.8.5',
28 silly addNameRange     '1.8.6',
28 silly addNameRange     '1.8.7',
28 silly addNameRange     '1.8.8',
28 silly addNameRange     '1.8.9',
28 silly addNameRange     '1.8.10',
28 silly addNameRange     '1.8.11',
28 silly addNameRange     '1.9.0',
28 silly addNameRange     '1.9.1',
28 silly addNameRange     '1.9.2',
28 silly addNameRange     '1.9.3',
28 silly addNameRange     '1.9.4',
28 silly addNameRange     '1.9.5',
28 silly addNameRange     '1.9.6',
28 silly addNameRange     '1.9.7',
28 silly addNameRange     '1.9.8',
28 silly addNameRange     '1.9.9',
28 silly addNameRange     '1.9.10',
28 silly addNameRange     '1.9.11',
28 silly addNameRange     '1.9.12',
28 silly addNameRange     '1.9.13',
28 silly addNameRange     '1.10.0',
28 silly addNameRange     '1.10.1',
28 silly addNameRange     '1.10.2',
28 silly addNameRange     '1.10.3',
28 silly addNameRange     '1.10.4',
28 silly addNameRange     '1.10.5',
28 silly addNameRange     '1.11.0',
28 silly addNameRange     '1.12.0',
28 silly addNameRange     '1.12.1',
28 silly addNameRange     '1.12.2',
28 silly addNameRange     '2.0.0-beta',
28 silly addNameRange     '1.12.3',
28 silly addNameRange     '1.12.4',
28 silly addNameRange     '1.12.5',
28 silly addNameRange     '1.12.6' ] ]
29 silly addNamed webpack@1.12.6
30 verbose addNamed "1.12.6" is a plain semver version for webpack
31 silly cache afterAdd webpack@1.12.6
32 verbose afterAdd /Users/user/.npm/webpack/1.12.6/package/package.json not in flight; writing
33 verbose afterAdd /Users/user/.npm/webpack/1.12.6/package/package.json written
34 silly install resolved [ { name: 'webpack',
34 silly install resolved     version: '1.12.6',
34 silly install resolved     author: { name: 'Tobias Koppers @sokra' },
34 silly install resolved     description: 'Packs CommonJs/AMD modules for the browser. Allows to split your codebase into multiple bundles, which can be loaded on demand. Support loaders to preprocess files, i.e. json, jade, coffee, css, less, ... and your custom stuff.',
34 silly install resolved     dependencies:
34 silly install resolved      { async: '^1.3.0',
34 silly install resolved        clone: '^1.0.2',
34 silly install resolved        'enhanced-resolve': '~0.9.0',
34 silly install resolved        esprima: '^2.5.0',
34 silly install resolved        interpret: '^0.6.4',
34 silly install resolved        'loader-utils': '^0.2.11',
34 silly install resolved        'memory-fs': '~0.2.0',
34 silly install resolved        mkdirp: '~0.5.0',
34 silly install resolved        'node-libs-browser': '>= 0.4.0 <=0.6.0',
34 silly install resolved        optimist: '~0.6.0',
34 silly install resolved        'supports-color': '^3.1.0',
34 silly install resolved        tapable: '~0.1.8',
34 silly install resolved        'uglify-js': '~2.6.0',
34 silly install resolved        watchpack: '^0.2.1',
34 silly install resolved        'webpack-core': '~0.6.0' },
34 silly install resolved     license: 'MIT',
34 silly install resolved     devDependencies:
34 silly install resolved      { benchmark: '^1.0.0',
34 silly install resolved        'bundle-loader': '~0.5.0',
34 silly install resolved        'codecov.io': '^0.1.2',
34 silly install resolved        'coffee-loader': '~0.7.1',
34 silly install resolved        'coffee-script': '^1.10.0',
34 silly install resolved        'component-webpack-plugin': '~0.2.0',
34 silly install resolved        coveralls: '^2.11.2',
34 silly install resolved        'css-loader': '~0.15.0',
34 silly install resolved        diff: '^2.0.2',
34 silly install resolved        eslint: '^1.1.0',
34 silly install resolved        'eslint-plugin-nodeca': '^1.0.3',
34 silly install resolved        express: '~4.13.1',
34 silly install resolved        'extract-text-webpack-plugin': '~0.8.0',
34 silly install resolved        'file-loader': '~0.8.0',
34 silly install resolved        glob: '^5.0.14',
34 silly install resolved        'i18n-webpack-plugin': '~0.2.0',
34 silly install resolved        istanbul: '^0.3.13',
34 silly install resolved        jade: '^1.11.0',
34 silly install resolved        'jade-loader': '~0.7.0',
34 silly install resolved        'js-beautify': '^1.5.10',
34 silly install resolved        'json-loader': '~0.5.1',
34 silly install resolved        less: '^2.5.1',
34 silly install resolved        'less-loader': '^2.0.0',
34 silly install resolved        mocha: '~2.2.0',
34 silly install resolved        'mocha-lcov-reporter': '0.0.2',
34 silly install resolved        'raw-loader': '~0.5.0',
34 silly install resolved        'script-loader': '~0.6.0',
34 silly install resolved        should: '^7.0.2',
34 silly install resolved        'style-loader': '~0.12.0',
34 silly install resolved        'url-loader': '~0.5.0',
34 silly install resolved        'val-loader': '~0.5.0',
34 silly install resolved        'vm-browserify': '~0.0.0',
34 silly install resolved        'webpack-dev-middleware': '^1.0.0',
34 silly install resolved        'worker-loader': '~0.6.0' },
34 silly install resolved     engines: { node: '>=0.6' },
34 silly install resolved     repository:
34 silly install resolved      { type: 'git',
34 silly install resolved        url: 'git+https://github.com/webpack/webpack.git' },
34 silly install resolved     homepage: 'https://github.com/webpack/webpack',
34 silly install resolved     main: 'lib/webpack.js',
34 silly install resolved     web: 'lib/webpack.web.js',
34 silly install resolved     bin: { webpack: './bin/webpack.js' },
34 silly install resolved     files: [ 'lib/', 'bin/', 'buildin/', 'hot/', 'web_modules/' ],
34 silly install resolved     scripts:
34 silly install resolved      { pretest: 'npm run lint && npm run beautify-lint',
34 silly install resolved        test: 'mocha',
34 silly install resolved        travis: 'npm run cover -- --report lcovonly',
34 silly install resolved        lint: 'eslint lib bin hot scripts',
34 silly install resolved        'beautify-lint': 'node ./scripts/beautify-check',
34 silly install resolved        beautify: 'node ./scripts/beautify-rewrite',
34 silly install resolved        precover: 'npm run lint && npm run beautify-lint',
34 silly install resolved        cover: 'istanbul cover -x *.runtime.js node_modules/mocha/bin/_mocha',
34 silly install resolved        'publish-patch': 'mocha && npm version patch && git push && git push --tags && npm publish' },
34 silly install resolved     gitHead: '7c3e68e8df03cdcef7a6102f61ed4b8cc91cda78',
34 silly install resolved     bugs: { url: 'https://github.com/webpack/webpack/issues' },
34 silly install resolved     _id: 'webpack@1.12.6',
34 silly install resolved     _shasum: '66cee3fc18a29d428809995cc76fd66dfc4df14a',
34 silly install resolved     _from: 'webpack@*',
34 silly install resolved     _npmVersion: '2.10.1',
34 silly install resolved     _nodeVersion: '0.12.4',
34 silly install resolved     _npmUser: { name: 'sokra', email: 'tobias.koppers@googlemail.com' },
34 silly install resolved     maintainers: [ [Object] ],
34 silly install resolved     dist:
34 silly install resolved      { shasum: '66cee3fc18a29d428809995cc76fd66dfc4df14a',
34 silly install resolved        tarball: 'http://registry.npmjs.org/webpack/-/webpack-1.12.6.tgz' },
34 silly install resolved     directories: {},
34 silly install resolved     _resolved: 'https://registry.npmjs.org/webpack/-/webpack-1.12.6.tgz',
34 silly install resolved     readme: 'ERROR: No README data found!' } ]
35 info install webpack@1.12.6 into /usr/local/lib
36 info installOne webpack@1.12.6
37 verbose installOne of webpack to /usr/local/lib not in flight; installing
38 verbose lock using /Users/user/.npm/_locks/webpack-865c90cad072eb35.lock for /usr/local/lib/node_modules/webpack
39 silly install write writing webpack 1.12.6 to /usr/local/lib/node_modules/webpack
40 verbose unbuild lib/node_modules/webpack
41 info preuninstall webpack@1.12.6
42 info uninstall webpack@1.12.6
43 verbose unbuild rmStuff webpack@1.12.6 from /usr/local/lib/node_modules
44 silly gentlyRm /usr/local/bin/webpack is being gently removed
45 silly gentlyRm verifying /usr/local is an npm working directory
46 silly gentlyRm containing path /usr/local is under npm's control, in /usr/local
47 silly gentlyRm deletion target /usr/local/bin/webpack is under /usr/local
48 verbose gentlyRm vacuuming from /usr/local/bin/webpack up to /usr/local
49 info postuninstall webpack@1.12.6
50 silly gentlyRm /usr/local/lib/node_modules/webpack is being purged from base /usr/local
51 verbose gentlyRm don't care about contents; nuking /usr/local/lib/node_modules/webpack
52 silly vacuum-fs purging /usr/local/lib/node_modules/webpack
53 verbose unlock done using /Users/user/.npm/_locks/webpack-865c90cad072eb35.lock for /usr/local/lib/node_modules/webpack
54 verbose stack Error: EACCES: permission denied, rmdir '/usr/local/lib/node_modules/webpack'
54 verbose stack     at Error (native)
55 verbose cwd /Users/user/Desktop/TIY-projects/ReactRefactor
56 error Darwin 14.5.0
57 error argv "/usr/local/bin/node" "/usr/local/bin/npm" "install" "-g" "webpack"
58 error node v4.1.1
59 error npm  v2.14.4
60 error path /usr/local/lib/node_modules/webpack
61 error code EACCES
62 error errno -13
63 error syscall rmdir
64 error Error: EACCES: permission denied, rmdir '/usr/local/lib/node_modules/webpack'
64 error     at Error (native)
64 error  { [Error: EACCES: permission denied, rmdir '/usr/local/lib/node_modules/webpack']
64 error   errno: -13,
64 error   code: 'EACCES',
64 error   syscall: 'rmdir',
64 error   path: '/usr/local/lib/node_modules/webpack' }
65 error Please try running this command again as root/Administrator.
66 verbose exit [ -13, true ]
67 verbose unbuild lib/node_modules/webpack
68 info preuninstall webpack@1.12.6
69 info uninstall webpack@1.12.6
70 verbose unbuild rmStuff webpack@1.12.6 from /usr/local/lib/node_modules
71 silly gentlyRm /usr/local/bin/webpack is being gently removed
72 silly gentlyRm verifying /usr/local is an npm working directory
73 silly gentlyRm containing path /usr/local is under npm's control, in /usr/local
74 silly gentlyRm deletion target /usr/local/bin/webpack is under /usr/local
75 verbose gentlyRm vacuuming from /usr/local/bin/webpack up to /usr/local
76 info postuninstall webpack@1.12.6
77 silly gentlyRm /usr/local/lib/node_modules/webpack is being purged from base /usr/local
78 verbose gentlyRm don't care about contents; nuking /usr/local/lib/node_modules/webpack
79 silly vacuum-fs purging /usr/local/lib/node_modules/webpack
80 error error rolling back Error: EACCES: permission denied, rmdir '/usr/local/lib/node_modules/webpack'
80 error error rolling back     at Error (native)
80 error error rolling back  { [Error: EACCES: permission denied, rmdir '/usr/local/lib/node_modules/webpack']
80 error error rolling back   errno: -13,
80 error error rolling back   code: 'EACCES',
80 error error rolling back   syscall: 'rmdir',
80 error error rolling back   path: '/usr/local/lib/node_modules/webpack' }
